06-09-2025	23:56:34	07eb38fe-76ed-4427-bd9c-330437f88df3	GET	/auth/logout	http://localhost:3000
06-09-2025	23:56:34	e49ad3ac-239e-4402-b78e-2b230cbfe640	OPTIONS	/auth/logout	http://localhost:3000
06-09-2025	23:53:42	621ac3f7-5415-4b59-b8d8-9fbc693598d5	GET	/api/users/6/profile	http://localhost:3000
06-09-2025	23:53:42	769d296d-7c87-46f1-ad2d-5a19db87d26c	GET	/api/users/6/profile	http://localhost:3000
06-09-2025	23:53:42	01d18bed-766c-4d0c-a907-135a8f12beb6	OPTIONS	/api/users/6/profile	http://localhost:3000
06-09-2025	23:48:03	1e7ead6a-111c-411c-b191-db8a9d94af5c	GET	/api/users/6/profile	http://localhost:3000
06-09-2025	23:48:02	fdaf1e22-959d-40fb-9a29-293269960360	GET	/api/users/6/profile	http://localhost:3000
06-09-2025	23:48:02	f34b76d9-e0fb-46fe-8593-64802e648877	OPTIONS	/api/users/6/profile	http://localhost:3000
06-09-2025	23:47:31	fbde22a0-b4c6-49ea-b6e3-48c0154323d1	GET	/auth/refresh	http://localhost:3000
06-09-2025	23:42:09	4e1bdd20-6983-4b5b-9d30-ffc639b0a1b0	GET	/api/users/6/profile	http://localhost:3000
06-09-2025	23:42:08	cc84e8d4-fe44-4a6c-9d7c-2cd384f48e32	GET	/api/users/6/profile	http://localhost:3000
06-09-2025	23:42:08	035b0085-a3a7-419b-8d3b-7cbec8e8c518	OPTIONS	/api/users/6/profile	http://localhost:3000
06-09-2025	23:40:50	ab8e70f0-1092-40a3-85d4-b32a4fd6c3f3	GET	/api/users/6/profile	http://localhost:3000
06-09-2025	23:40:48	10936029-f956-4447-be27-f1a9c2775201	GET	/api/users/6/profile	http://localhost:3000
06-09-2025	23:40:35	213f2a57-ecca-4568-8f1a-748c7a51144f	GET	/api/users/6/profile	http://localhost:3000
06-09-2025	23:40:33	6c7136a2-c318-496a-80fa-1ea1a3af4b07	GET	/api/users/6/profile	http://localhost:3000
06-09-2025	23:40:33	d5b2d92d-543e-45b8-b9be-5c9788c27403	OPTIONS	/api/users/6/profile	http://localhost:3000
06-09-2025	23:40:12	9a77b706-1e79-4c25-b861-8182bf82ab29	GET	/api/users/6/profile	http://localhost:3000
06-09-2025	23:40:09	6e3f21d3-c5f4-4e22-9512-ca8fe7cffe07	GET	/api/users/6/profile	http://localhost:3000
06-09-2025	23:40:09	43d20cfe-3453-48d0-8df5-a19b3a1373e6	OPTIONS	/api/users/6/profile	http://localhost:3000
06-09-2025	23:39:48	ebce43e0-25be-4bc0-b7e1-286ec1ef81e0	GET	/api/users/6/profile	http://localhost:3000
06-09-2025	23:39:46	ab153585-01ca-4cb1-bc0a-a92ab2ba6db6	GET	/api/users/6/profile	http://localhost:3000
06-09-2025	23:39:46	926e9748-6f9b-4dbf-87ed-5876aee10379	OPTIONS	/api/users/6/profile	http://localhost:3000
06-09-2025	23:39:27	4cfe6637-9d55-4d04-afb2-8a55769529f0	GET	/api/users/6/profile	http://localhost:3000
06-09-2025	23:39:26	ca99eed3-dd65-443f-a34f-4074ac2f5a27	GET	/api/users/6/profile	http://localhost:3000
06-09-2025	23:39:26	13e84586-99f4-4da2-ae3c-efea9ae70b45	OPTIONS	/api/users/6/profile	http://localhost:3000
06-09-2025	23:38:50	a28540d7-7922-499d-9766-6860862a36b4	GET	/api/users/6/profile	http://localhost:3000
06-09-2025	23:38:48	21f5f619-0aab-4517-a6f7-c1ce891232eb	GET	/api/users/6/profile	http://localhost:3000
06-09-2025	23:38:48	15405d96-9889-4189-b78e-fd5aab6251ca	OPTIONS	/api/users/6/profile	http://localhost:3000
06-09-2025	23:38:30	2fe42d4a-4412-4172-b67d-cb9604f9374b	GET	/api/users/6/profile	http://localhost:3000
06-09-2025	23:38:29	18163339-ab09-4ce9-8f56-5a90929dad7a	GET	/api/users/6/profile	http://localhost:3000
06-09-2025	23:38:29	ba9bd098-dd15-47fd-bcc9-fda47e6cb608	OPTIONS	/api/users/6/profile	http://localhost:3000
06-09-2025	23:38:15	a2d822e1-2321-48e4-9e85-1ea311bf8fe5	GET	/api/users/6/profile	http://localhost:3000
06-09-2025	23:38:14	658966f1-4459-4ef4-a1f7-43c5736b64d4	GET	/api/users/6/profile	http://localhost:3000
06-09-2025	23:38:14	6db9460a-3d2a-4e5f-bf34-5313ee0ca268	OPTIONS	/api/users/6/profile	http://localhost:3000
06-09-2025	23:37:52	edb44d24-6b34-4ba2-ac87-65585739e63a	GET	/api/users/6/profile	http://localhost:3000
06-09-2025	23:37:50	f2733663-dd63-466e-a00f-7a49a913f0ba	GET	/api/users/6/profile	http://localhost:3000
06-09-2025	23:37:50	7a90b7e1-6b01-4565-8fbd-edf5a39f5249	OPTIONS	/api/users/6/profile	http://localhost:3000
06-09-2025	23:37:24	c7f92a30-8f8f-4c25-892b-7d9000c38864	GET	/api/users/6/profile	http://localhost:3000
06-09-2025	23:37:22	ae83d66d-3254-4b34-8508-433c6e1a91a7	GET	/api/users/6/profile	http://localhost:3000
06-09-2025	23:37:22	52b94380-6500-4cee-9f0b-3ade6863b1e5	OPTIONS	/api/users/6/profile	http://localhost:3000
06-09-2025	23:35:59	697f9b79-9c88-4d29-8b87-92318cbb4b72	GET	/api/users/6/profile	http://localhost:3000
06-09-2025	23:35:58	0461e2a5-7962-4084-af5e-b3e7c5656986	GET	/api/users/6/profile	http://localhost:3000
06-09-2025	23:35:58	5f3e911a-afd3-4fa8-9542-768c2484772c	OPTIONS	/api/users/6/profile	http://localhost:3000
06-09-2025	23:35:14	4c2fe644-37cf-4be7-adfa-0b2fccbc101c	GET	/api/users/6/profile	http://localhost:3000
06-09-2025	23:35:12	c0e0aa0c-6705-4fe3-8b8b-a000980150c2	GET	/api/users/6/profile	http://localhost:3000
06-09-2025	23:35:12	066d8018-2f61-42a2-b111-e86d2caf8eaf	OPTIONS	/api/users/6/profile	http://localhost:3000
06-09-2025	23:34:20	846f1784-4b9b-477e-90e7-3869628b6410	GET	/api/users/6/profile	http://localhost:3000
06-09-2025	23:34:19	18976c8f-b845-4899-a290-1f373e83eadc	GET	/api/users/6/profile	http://localhost:3000
