15-09-2025	20:01:54	3da06389-4540-4a9d-924a-a89823046e9d	GET	/api/users/6/profile	http://localhost:3000
15-09-2025	20:01:54	a5d1cbf4-c1f3-4657-8d6d-d6e898cd7bb6	GET	/api/users/6/profile	http://localhost:3000
15-09-2025	20:01:54	22dbe6ad-15cd-4178-9530-d79fe2345488	GET	/auth/refresh	http://localhost:3000
15-09-2025	20:01:52	e8755f48-756e-472c-a3e7-3b8144c63858	GET	/api/users/6/profile	http://localhost:3000
15-09-2025	20:01:52	5080cab6-951c-4254-9cf6-d74cf4401abc	OPTIONS	/api/users/6/profile	http://localhost:3000
15-09-2025	20:01:52	b93adb33-a151-4b80-bcde-971bb8fd95da	GET	/api/users/6/profile	http://localhost:3000
15-09-2025	20:01:52	0e7375cf-a5b5-40b3-9308-6371f6f0f153	GET	/auth/refresh	http://localhost:3000
15-09-2025	20:00:44	6739b4f5-be27-405a-8304-f113f596a986	GET	/api/users/6/profile	http://localhost:3000
15-09-2025	20:00:44	329fdfb1-9b70-417b-b90f-389aee6f9583	GET	/api/users/6/profile	http://localhost:3000
15-09-2025	20:00:44	e309ae25-11ca-4459-8d76-ec5acbacad67	OPTIONS	/api/users/6/profile	http://localhost:3000
15-09-2025	19:55:04	a0dbc157-9b5d-452a-a5e8-43b4363ff0f4	GET	/api/subject-selection/students/2/selections	http://localhost:3000
15-09-2025	19:55:01	d0dbcab3-a6ea-4577-8cb9-4f1c24be8511	GET	/auth/refresh	http://localhost:3000
15-09-2025	19:44:54	cfc996f2-0484-4b7e-b8c5-60515de24f6d	GET	/api/subject-selection/students/2/selections	http://localhost:3000
15-09-2025	19:44:53	4b2641f2-6950-4ef9-86fb-decad10f64ef	GET	/api/subject-selection/students/2/selections	http://localhost:3000
15-09-2025	19:44:49	85d2b761-6927-4d9f-b9bc-099ab2323152	GET	/api/users/6/profile	http://localhost:3000
15-09-2025	19:44:49	d9ebb870-3aa7-403d-832d-9bb6019231bb	OPTIONS	/api/users/6/profile	http://localhost:3000
9-2025	19:44:49	89e66b95-6c35-454b-be48-bd90eef2c983	OPTIONS	/api/users/6/profile	http://localhost:3000
15-09-2025	19:44:11	7092866f-3da9-423b-801f-6fbb59495031	GET	/api/subject-selection/students/2/selections	http://localhost:3000
15-09-2025	19:44:11	7f44cfca-d06b-482e-b4e1-6bd62b65b310	GET	/auth/refresh	http://localhost:3000
15-09-2025	19:42:50	c813d642-c150-4fbf-9460-5eb4d1f6224c	GET	/api/subject-selection/students/2/selections	http://localhost:3000
15-09-2025	19:42:49	64bc7813-1e5f-4af4-9355-69a8b610fcff	GET	/api/subject-selection/students/2/selections	http://localhost:3000
15-09-2025	19:40:47	5f186f76-914e-40c7-aa61-4c63edec86a8	GET	/api/subject-selection/students/2/selections	http://localhost:3000
15-09-2025	19:40:47	65f4926a-04ef-4fca-bce5-51e3454eda6c	GET	/auth/refresh	http://localhost:3000
15-09-2025	19:40:12	1a47aa3c-0e71-48ad-969e-c854e994fd1a	GET	/api/subject-selection/students/2/selections	http://localhost:3000
15-09-2025	19:40:11	01307220-2853-45af-9c4a-6634f090c07e	GET	/auth/refresh	http://localhost:3000
15-09-2025	19:39:49	106872ae-e2ea-48de-a381-b5523f5430c9	GET	/api/subject-selection/students/2/selections	http://localhost:3000
15-09-2025	19:39:49	53a984f7-f4bf-453c-a0d3-e05099aa7cd1	GET	/auth/refresh	http://localhost:3000
15-09-2025	19:38:37	7a18c962-9b8a-456a-9f87-b90977444b15	GET	/api/subject-selection/students/2/selections	http://localhost:3000
15-09-2025	19:38:37	0ae48dfb-9530-4148-a1ec-f09a7c595954	GET	/auth/refresh	http://localhost:3000
15-09-2025	19:38:19	2da42608-31a0-4dad-acd0-56c02a4be068	GET	/api/subject-selection/students/2/selections	http://localhost:3000
15-09-2025	19:38:19	bc6cf0d8-66d5-4602-992e-22196f30a775	GET	/auth/refresh	http://localhost:3000
15-09-2025	19:36:15	33ed19a1-d476-45e9-a072-b34807b4c4e5	GET	/api/subject-selection/students/2/selections	http://localhost:3000
15-09-2025	19:36:15	85c00b2d-4b1c-4b10-a688-43c652705edc	GET	/auth/refresh	http://localhost:3000
15-09-2025	19:36:01	624401d5-2d07-40aa-b153-265d330de3db	GET	/api/subject-selection/students/2/selections	http://localhost:3000
15-09-2025	19:36:01	b7a1654d-b26e-46ca-b853-dddea81d619d	GET	/auth/refresh	http://localhost:3000
15-09-2025	19:31:50	816ebc88-d781-4058-82f2-5d451b6785e6	GET	/api/subject-selection/students/2/selections	http://localhost:3000
15-09-2025	19:31:47	0e469b37-0619-45a2-aee0-e6d7fbcdc169	GET	/auth/refresh	http://localhost:3000
15-09-2025	19:29:07	5ab46610-1ed5-4236-9f09-fda6ce416a91	GET	/api/subject-selection/students/2/selections	http://localhost:3000
15-09-2025	19:29:07	d7089685-20ac-4808-afdc-3efd2ff2fcfc	GET	/auth/refresh	http://localhost:3000
15-09-2025	19:26:07	474123a2-6d01-4c31-ae35-fc64342d4c11	GET	/api/subject-selection/students/2/selections	http://localhost:3000
15-09-2025	19:26:07	a1fecff6-48c6-4245-af06-1d45476c41f2	GET	/auth/refresh	http://localhost:3000
15-09-2025	19:23:29	45151702-aea2-42da-9e3b-a24971466c34	GET	/api/subject-selection/students/2/selections	http://localhost:3000
15-09-2025	19:23:29	f70e6117-4c0f-4a87-9814-ee1dfdf873ed	GET	/auth/refresh	http://localhost:3000
15-09-2025	19:23:18	3c470d2a-f057-4636-9beb-b9aed2a4907c	GET	/api/subject-selection/students/2/selections	http://localhost:3000
15-09-2025	19:23:15	994b5352-444a-4bde-93bd-6036809b8758	GET	/auth/refresh	http://localhost:3000
15-09-2025	19:18:22	c7bd202a-5837-4b5c-9489-2b1bbd407841	GET	/api/subject-selection/students/2/selections	http://localhost:3000
15-09-2025	19:18:21	350306d0-261e-4f85-a008-c8096c9cc3a8	GET	/auth/refresh	http://localhost:3000
15-09-2025	19:17:41	02f1f382-c00d-40d3-b2a2-2b6cb461f58b	GET	/api/subject-selection/students/2/selections	http://localhost:3000
15-09-2025	19:14:27	5380f137-cbf4-4178-a10c-cf832a5b3b51	GET	/api/subject-selection/students/2/selections	http://localhost:3000
15-09-2025	19:14:27	71861bb4-237a-4cef-a3c7-3f7423f9439f	GET	/auth/refresh	http://localhost:3000
15-09-2025	19:09:38	0982e27a-a996-4b1f-b60d-a287375852b7	GET	/api/subject-selection/students/2/selections	http://localhost:3000
15-09-2025	19:09:38	6d914262-bb9a-48b6-8955-1ce56e2ad322	GET	/auth/refresh	http://localhost:3000
15-09-2025	19:08:32	41013c2d-7f67-4660-ada0-718a22b98d9f	GET	/api/subject-selection/students/2/selections	http://localhost:3000
15-09-2025	19:06:39	07760f8d-6607-47d6-b175-ee954cb41dc6	GET	/api/subject-selection/students/2/selections	http://localhost:3000
15-09-2025	19:06:39	a29796cd-790f-405d-86ab-715b4e08d902	GET	/auth/refresh	http://localhost:3000
15-09-2025	19:04:08	98217b8d-94a2-4f77-a9a2-bc46812d7925	GET	/api/subject-selection/students/2/selections	http://localhost:3000
15-09-2025	19:04:07	1f083db8-9066-456c-9c23-0111b90ef30f	GET	/auth/refresh	http://localhost:3000
15-09-2025	19:03:34	b198de11-ef7f-4521-a155-80f635a3820c	GET	/api/subject-selection/students/2/selections	http://localhost:3000
15-09-2025	19:03:33	9ed6a994-95dc-4f0a-a7fa-a05c4a2ce2b9	GET	/auth/refresh	http://localhost:3000
15-09-2025	19:00:57	ee76effd-794e-4d1a-9953-09db4fcdd562	GET	/api/subject-selection/students/2/selections	http://localhost:3000
15-09-2025	19:00:54	bb1fa825-78c6-45ee-8471-508907db5c9e	GET	/auth/refresh	http://localhost:3000
15-09-2025	18:48:47	6835837b-50e0-489e-8f91-ad620663d3f2	GET	/api/subject-selection/students/2/selections	http://localhost:3000
15-09-2025	18:48:47	991a948f-4432-4a38-9887-e924f8044107	GET	/auth/refresh	http://localhost:3000
15-09-2025	18:48:36	71ccbe04-43ac-45ab-ba09-857b191540d9	GET	/api/subject-selection/students/2/selections	http://localhost:3000
15-09-2025	18:48:36	6b167feb-5dad-441e-9ed3-0e7803de3692	GET	/auth/refresh	http://localhost:3000
15-09-2025	18:47:38	aff8d85a-276a-4565-bb7f-eef0f8735c9e	GET	/api/subject-selection/students/2/selections	http://localhost:3000
15-09-2025	18:47:38	55d7100c-5ced-46b9-a285-0065c435be67	GET	/auth/refresh	http://localhost:3000
15-09-2025	18:43:42	193cc84b-6b24-4b6e-a792-0958120a2a55	GET	/api/subject-selection/students/2/selections	http://localhost:3000
15-09-2025	18:43:42	ef8f154d-b6ad-47f9-a693-1c6d3b9f2cb7	GET	/auth/refresh	http://localhost:3000
15-09-2025	18:34:58	60ba92b5-efad-4222-82bb-ddcf9cfffa44	GET	/api/subject-selection/students/2/selections	http://localhost:3000
15-09-2025	18:34:58	f1f772f2-fb47-4b89-90ab-a595216a861d	GET	/auth/refresh	http://localhost:3000
15-09-2025	18:31:38	0ea02cf2-f91a-4007-8dcd-ec8e3dc96b04	GET	/api/subject-selection/students/2/selections	http://localhost:3000
15-09-2025	18:31:38	d5cfd74f-82f0-4480-add9-e143a8bb43df	GET	/auth/refresh	http://localhost:3000
15-09-2025	18:28:00	277556e9-6969-4f47-8c25-f2f350995ab6	GET	/api/subject-selection/students/2/selections	http://localhost:3000
15-09-2025	18:27:59	e88c2738-584e-492b-9f96-867de92ad9ca	GET	/api/subject-selection/students/2/selections	http://localhost:3000
15-09-2025	18:25:12	89488d20-f131-40c8-9c3f-ca7a0e2dc7bb	GET	/api/subject-selection/students/2/selections	http://localhost:3000
15-09-2025	18:25:12	d7253496-83fc-4518-923b-9c5fb6894bd5	GET	/auth/refresh	http://localhost:3000
15-09-2025	18:25:10	3e0863f6-15e9-4cf6-945a-9b521b0cd4f4	GET	/api/subject-selection/students/2/selections	http://localhost:3000
15-09-2025	18:25:10	a4975e81-ab33-4182-b64c-7fac53197ed7	GET	/auth/refresh	http://localhost:3000
15-09-2025	18:25:10	86d17f7c-181c-4f2c-b055-dcb73cf89c20	GET	/auth/refresh	http://localhost:3000
15-09-2025	18:24:43	d462d0f5-72fe-4704-82d8-743931719122	GET	/api/subject-selection/students/2/selections	http://localhost:3000
15-09-2025	18:24:43	1dc2ec8f-959d-4cd0-a7e4-204c5bcc7a3e	GET	/api/subject-selection/students/2/selections	http://localhost:3000
15-09-2025	18:22:19	00c0d78a-f3f1-4ef2-b8a1-521a938fc1ea	GET	/api/subject-selection/students/2/selections	http://localhost:3000
15-09-2025	18:22:19	61aea272-8fbb-40f6-b89d-aa8eb59fc21d	GET	/auth/refresh	http://localhost:3000
15-09-2025	18:21:04	53c12bec-2574-46da-96f9-29d06bc43f1a	GET	/api/subject-selection/students/2/selections	http://localhost:3000
15-09-2025	18:20:46	310b1b31-4dd8-4a45-9c24-18385865bf70	GET	/api/subject-selection/students/2/selections	http://localhost:3000
15-09-2025	18:19:18	663c2b87-90a4-438c-b88f-5b973d144680	GET	/api/subject-selection/students/2/selections	http://localhost:3000
15-09-2025	18:19:18	9221beb4-9f61-4e6d-8a42-2b2d86f0710d	GET	/auth/refresh	http://localhost:3000
15-09-2025	18:19:12	f01bd295-90d9-4c75-b191-c4ee3da9ac02	GET	/api/subject-selection/students/2/selections	http://localhost:3000
15-09-2025	18:19:08	85f82156-fbdd-4b2c-8a43-df588909386c	GET	/api/subject-selection/students/2/selections	http://localhost:3000
15-09-2025	18:16:57	3d1fd677-1bc4-47ac-9004-8496d678d52a	GET	/api/subject-selection/students/2/selections	http://localhost:3000
15-09-2025	18:16:57	cde60e6e-f4c5-40d7-8f1d-79b5a13a660d	GET	/auth/refresh	http://localhost:3000
15-09-2025	18:14:04	47461cac-d9f4-469f-9e93-997f15a4a45b	GET	/api/subject-selection/students/2/selections	http://localhost:3000
15-09-2025	18:14:03	51811fb1-5195-4393-9039-4c7e9781ee09	GET	/api/subject-selection/students/2/selections	http://localhost:3000
15-09-2025	18:13:57	99a9fd4e-365b-4b96-bad7-7e7fe74787ad	GET	/api/users/6/profile	http://localhost:3000
15-09-2025	18:13:57	1e86a91d-93f3-4077-871d-ecf0e59a6b88	GET	/api/users/6/profile	http://localhost:3000
15-09-2025	18:13:56	4d83b38d-7e52-4341-9f9f-0636b9651037	OPTIONS	/api/users/6/profile	http://localhost:3000
15-09-2025	18:10:13	4778b609-557a-4cd0-aee8-72bc9470e417	GET	/api/subject-selection/students/2/selections	http://localhost:3000
15-09-2025	18:10:13	30ee864c-c626-47d4-8eb1-a9d70c1f1284	GET	/api/subject-selection/students/2/selections	http://localhost:3000
15-09-2025	18:09:31	3a504b0e-8bf9-4578-856d-83333580b198	GET	/api/subject-selection/students/2/selections	http://localhost:3000
15-09-2025	18:09:28	c395cdae-5e07-47b6-98ac-5f6cbb7ae80d	GET	/auth/refresh	http://localhost:3000
15-09-2025	18:08:24	2dc1b7ec-1d2f-4f33-b43b-4a90b78708f7	GET	/api/subject-selection/students/2/selections	http://localhost:3000
15-09-2025	17:43:17	edc87c68-9add-4616-9e58-22f9f3aa73e2	GET	/api/subject-selection/students/2/selections	http://localhost:3000
15-09-2025	17:42:05	e47c6d47-292c-41dc-946d-18b596290422	GET	/api/subject-selection/students/2/selections	http://localhost:3000
15-09-2025	17:38:55	ac9c9bec-284b-488d-9180-813e7868416f	GET	/api/subject-selection/students/2/selections	http://localhost:3000
15-09-2025	17:38:53	e800a8ba-3136-4be7-ac00-94a0dffc7006	GET	/auth/refresh	http://localhost:3000
15-09-2025	17:18:06	17686c41-b9d7-4a18-a84d-f0774f81d308	GET	/api/subject-selection/students/2/selections	http://localhost:3000
15-09-2025	17:18:03	23c27e2a-e726-4596-9863-ebb163f7c642	GET	/auth/refresh	http://localhost:3000
15-09-2025	17:15:43	abef596f-7a83-4e22-b76c-f29a11a17b05	GET	/api/subject-selection/students/2/selections	http://localhost:3000
15-09-2025	17:15:41	5e3779e4-5ff3-4ca0-b9d0-a47e9b321a18	GET	/auth/refresh	http://localhost:3000
15-09-2025	17:14:39	b156a9c5-1020-44b3-8a9b-7197915ccfc9	GET	/api/subject-selection/students/2/selections	http://localhost:3000
15-09-2025	17:14:36	5b337cf6-6b75-46a3-99dd-1d0f35a236ee	GET	/auth/refresh	http://localhost:3000
15-09-2025	17:07:31	ab23abf3-d64c-45ec-b2cc-6b057825e766	GET	/api/subject-selection/students/2/selections	http://localhost:3000
15-09-2025	17:00:34	52d852ec-3eed-4cdc-9a7d-aa16d73024cb	GET	/api/users/6/profile	http://localhost:3000
15-09-2025	17:00:34	c4cf5386-2899-4878-9de2-6159084b5600	GET	/api/users/6/profile	http://localhost:3000
15-09-2025	17:00:34	afdd7b81-8279-4f0f-8dc7-5cd0cda2e3e2	OPTIONS	/api/users/6/profile	http://localhost:3000
15-09-2025	16:59:54	105c7655-e34f-4b86-a356-a70251ffc95d	GET	/auth/refresh	http://localhost:3000
15-09-2025	16:59:53	ac348239-c209-4f93-8a23-01ee37cc93aa	GET	/auth/refresh	http://localhost:3000
15-09-2025	16:59:53	2caf6a60-f9ff-443e-b068-45ad20bae6b9	GET	/auth/refresh	http://localhost:3000
15-09-2025	16:59:02	e8df1634-7d5b-4cd1-aace-3d51cb8f6704	POST	/auth/login	http://localhost:3000
15-09-2025	16:38:16	45c264a2-2713-4cb9-9af2-8464d6847b00	GET	/api/students/old-data	undefined
15-09-2025	16:30:43	7b5cd85c-0063-4d13-a921-375b56c43ad4	GET	/api/students/old-data	undefined
15-09-2025	16:26:26	f104aef6-1f98-4437-b956-565174c97a62	GET	/api/students/old-data	undefined
15-09-2025	16:22:18	d0f132fb-ab06-40d8-be90-14ad1fa11549	GET	/api/students/old-data	undefined
15-09-2025	16:09:50	2ae155c6-adbd-48fb-b063-aa41685d041d	GET	/api/students/old-data	undefined
15-09-2025	15:50:52	75d7d8a2-7eaa-4eaf-a769-33edfc041d92	GET	/api/students/old-data	undefined
15-09-2025	15:45:57	ab83c4d4-41e9-4d1a-b79d-3712a884f6b7	GET	/api/students/old-data	undefined
15-09-2025	15:34:00	b6211a48-a3ab-4dd6-9854-585fe3cf9d20	GET	/api/students/old-data	undefined
15-09-2025	14:57:05	15f799fb-eb34-4d27-84fe-47141d910c44	GET	/api/students/old-data	undefined
15-09-2025	14:52:37	dcec8ad3-f0de-4578-857b-313c2df150cc	GET	/api/students/old-data	undefined
15-09-2025	14:50:22	12c36f2f-30cd-4534-8a4c-315f51b06c12	GET	/api/students/old-data	undefined
15-09-2025	14:40:50	e6d1c133-2b2b-443c-ae37-0a8bb3cb371e	GET	/api/students/old-data	undefined
15-09-2025	02:45:16	83f2e33c-ac7d-4a41-a5b4-e4e0dee44ec5	GET	/api/students/old-data	undefined
15-09-2025	02:32:25	58b05abe-ea3b-4569-87d1-33bbef73bdc3	GET	/api/students/old-data	undefined
15-09-2025	02:09:45	3a272017-0330-4830-a87d-ee2bb1227d6c	GET	/api/students/old-data	undefined
15-09-2025	01:54:01	c82faaac-14e0-45c1-800b-dafd71a3a14c	GET	/api/students/old-data	undefined
15-09-2025	01:37:15	f9e58b51-2107-4b35-9071-86f17d5d2246	GET	/api/students/old-data	undefined
15-09-2025	01:34:38	2a1140ff-5ae8-4841-a3ee-e49a58a532a0	GET	/api/students/old-data	undefined
15-09-2025	01:15:56	b5b8b476-e722-4e9d-9028-aa8a20ab5e30	GET	/api/students/old-data	undefined
15-09-2025	01:02:42	7a96426d-9b74-4b9f-91cb-f669421dd3a0	GET	/api/students/old-data	undefined
15-09-2025	01:00:18	54ff3165-ce92-4b08-b14c-67a44ffc5a22	GET	/api/students/old-data	undefined
15-09-2025	00:57:50	e65e6d3f-c320-49e7-b811-81569da6bc36	GET	/api/students/old-data	undefined
15-09-2025	00:51:30	b8135e6b-016e-4daa-8b65-f831d9782db9	GET	/api/students/old-data	undefined
15-09-2025	00:39:36	a2335f33-b663-42db-8620-a9c29d9eb832	GET	/api/students/old-data	undefined
15-09-2025	00:28:02	96ace8e7-bdce-4c28-ac7b-dc5b5524188b	GET	/api/students/old-data	undefined
15-09-2025	00:24:03	6a82c196-92bb-4626-a2db-bdb774c2e94f	GET	/api/students/old-data	undefined
15-09-2025	00:18:06	4e193b16-cb03-4b28-8b06-e08e88e8a0e4	GET	/api/students/old-data	undefined
15-09-2025	00:09:34	b7d3a75e-6697-480a-82f7-bd63daaf9e32	GET	/api/students/old-data	undefined
15-09-2025	00:05:45	12c3fe61-7ae8-425f-bac2-bf531641d85e	GET	/api/students/old-data	undefined
15-09-2025	00:04:10	6df335a4-f03b-4ce3-91c5-70fd183bf7b2	GET	/api/students/old-data	undefined
