21-09-2025	21:40:55	2a0aa454-77be-4883-a021-79f1979dab64	GET	/api/subject-selection/restricted-grouping-mains?page=1&pageSize=200&programCourseId=19	http://localhost:5173
21-09-2025	21:40:55	486a564f-5c90-4b81-ade7-ad1728036acc	GET	/api/v1/settings/file/4	undefined
21-09-2025	21:40:54	48416ed4-75cd-4d04-b643-ca8a04bd8877	GET	/api/subject-selection/restricted-grouping-mains?page=1&pageSize=200&programCourseId=19	http://localhost:5173
21-09-2025	21:40:54	c1d990d6-6106-451b-9055-71d4511b530d	OPTIONS	/api/subject-selection/restricted-grouping-mains?page=1&pageSize=200&programCourseId=19	http://localhost:5173
21-09-2025	21:40:54	babc324b-1a8b-4b49-8b1b-ea089c66d38e	GET	/api/subject-selection/students/30/selections	http://localhost:5173
21-09-2025	21:40:53	78e274df-3d0e-4d6d-88d3-0c671f6d3da7	GET	/api/subject-selection/students/30/selections	http://localhost:5173
21-09-2025	21:40:53	1c1a011a-3e6f-4187-9632-ffc05e22e6ee	OPTIONS	/api/subject-selection/students/30/selections	http://localhost:5173
21-09-2025	21:40:53	c7dadbb6-790c-4456-a11d-f50850b2ea1e	GET	/api/students/uid/1504250018	http://localhost:5173
21-09-2025	21:40:53	1507fcd4-a616-4794-9ef1-4b79814670c0	GET	/api/students/uid/1504250018	http://localhost:5173
21-09-2025	21:40:53	ac74c5eb-c3b4-465e-b961-dc5720fb3c31	GET	/api/students/uid/1504250018	http://localhost:5173
21-09-2025	21:40:53	fab74fc8-2eca-40ce-ac56-49dd46fe89df	GET	/api/v1/academics/all	http://localhost:5173
21-09-2025	21:40:53	5c1a33da-ddb4-45ab-8bfc-7d0f5133bf38	OPTIONS	/api/students/uid/1504250018	http://localhost:5173
21-09-2025	21:40:53	f8da8b74-62bf-4218-a51c-bf78dc60d6d8	GET	/api/students/uid/1504250018	http://localhost:5173
21-09-2025	21:40:53	0632d18a-35ad-4d73-83ab-32b24fad6813	GET	/api/v1/academics/all	http://localhost:5173
21-09-2025	21:40:53	309e9ffc-5bfe-4755-92c6-5ba696f57b99	GET	/auth/refresh	http://localhost:5173
21-09-2025	21:40:53	8a12060f-0eb1-4aba-b936-75bfd5fc4d37	GET	/auth/refresh	http://localhost:5173
21-09-2025	21:40:53	0357e804-5ec0-42c8-a9e2-9fd6eb401de5	GET	/api/v1/settings	http://localhost:5173
21-09-2025	21:40:53	308c2526-f5ba-42fe-9281-7b6ed8a0439a	GET	/api/v1/settings	http://localhost:5173
21-09-2025	21:40:49	5a834b2c-888b-40f5-baf7-1eca7f234a91	GET	/api/v1/settings/file/4	undefined
21-09-2025	21:40:47	a76f93aa-65ef-402b-a385-d363d23f23e4	GET	/api/v1/academics/all	http://localhost:5173
21-09-2025	21:40:47	34b9d5a6-2d17-43f9-b1e4-34326a24b3a8	OPTIONS	/api/students/uid/1504250018@thebges.edu.in	http://localhost:5173
21-09-2025	21:40:47	26e6c81e-9047-47bf-a9d9-277ae39ebef5	GET	/api/students/uid/1504250018@thebges.edu.in	http://localhost:5173
21-09-2025	21:40:47	3f10dae0-b4fc-4fe5-bfe6-10bef5f1620e	GET	/api/v1/academics/all	http://localhost:5173
21-09-2025	21:40:47	56d0fbfa-74b3-445c-b70d-469adba21a41	GET	/auth/refresh	http://localhost:5173
21-09-2025	21:40:47	6b7a9fec-0031-4e8b-84df-83326a2d506c	GET	/auth/refresh	http://localhost:5173
21-09-2025	21:40:47	03ba8c37-f01b-4291-9a38-b84d751a2a78	GET	/api/v1/settings	http://localhost:5173
21-09-2025	21:40:47	bc2be238-cb94-4d3e-970f-f7ccd4fff337	GET	/api/v1/settings	http://localhost:5173
21-09-2025	21:40:10	8c8d753f-e50a-4192-8be3-86a72582b637	GET	/api/v1/settings/file/4	undefined
21-09-2025	21:40:09	4c923606-f455-4cc0-bed2-26db5faa5ce2	GET	/api/subject-selection/restricted-grouping-mains?page=1&pageSize=200&programCourseId=20	http://localhost:5173
21-09-2025	21:40:09	8f8eb479-e6ab-40cb-b4d1-bf0c719164ae	GET	/api/subject-selection/restricted-grouping-mains?page=1&pageSize=200&programCourseId=20	http://localhost:5173
21-09-2025	21:40:09	444d5d3f-1cfa-4a84-8dc5-804821b9a41f	OPTIONS	/api/subject-selection/restricted-grouping-mains?page=1&pageSize=200&programCourseId=20	http://localhost:5173
21-09-2025	21:40:09	127db458-8697-40c3-9b90-0062bd5336d4	GET	/api/subject-selection/students/16/selections	http://localhost:5173
21-09-2025	21:40:08	c4ef6c8b-7117-485a-92f7-ad907f4685e4	GET	/api/subject-selection/students/16/selections	http://localhost:5173
21-09-2025	21:40:08	19c7f431-0574-41f4-bfdb-a06ee6be8974	GET	/api/students/uid/0101250151	http://localhost:5173
21-09-2025	21:40:08	b72b3cec-2d60-488a-80ff-34fe4d6a6ac9	GET	/api/students/uid/0101250151	http://localhost:5173
21-09-2025	21:40:08	11ec0d6d-f7c5-4776-8148-bf8899874478	GET	/api/students/uid/0101250151	http://localhost:5173
21-09-2025	21:40:08	ccef6bb7-512a-4989-9ce2-e8e90ecf7622	GET	/api/v1/academics/all	http://localhost:5173
21-09-2025	21:40:08	dd039788-0688-477e-a7e6-9e560f7d2708	GET	/api/students/uid/0101250151	http://localhost:5173
21-09-2025	21:40:08	89d96d1d-48c1-4358-98a6-62bac01728d2	GET	/api/v1/academics/all	http://localhost:5173
21-09-2025	21:40:08	e57ce33f-18e8-402e-bd74-c629b30c5bfe	GET	/auth/refresh	http://localhost:5173
21-09-2025	21:40:08	3e6b7461-d934-4ab2-9e15-de050d97e002	GET	/auth/refresh	http://localhost:5173
21-09-2025	21:40:08	8e580262-bdc9-4ec9-902b-16a423949da7	GET	/api/v1/settings	http://localhost:5173
21-09-2025	21:40:08	3ab1b782-2734-4df4-b2d1-dd2bdbd09846	GET	/api/v1/settings	http://localhost:5173
21-09-2025	21:40:07	16acd359-ed06-41da-8d09-864fa3973da0	GET	/api/v1/settings/file/4	undefined
21-09-2025	21:40:05	08e42ddf-c1d4-443e-9975-1d23a89abb09	GET	/api/students/uid/0101250151@thebges.edu.in	http://localhost:5173
lhost:5173
lhost:5173
lhost:5173
