09-09-2025	10:32:57	31dcaecb-5573-4f3a-ac3c-164900de2ffd	GET	/api/course-design/papers	http://localhost:5173
09-09-2025	10:32:56	129b489f-9b83-4da0-b7a8-28070994646b	GET	/api/course-design/papers	http://localhost:5173
09-09-2025	10:32:56	fdc0baac-d838-4ab4-b3b2-8563f188c39c	GET	/api/course-design/papers	http://localhost:5173
09-09-2025	10:32:56	4ab39b9f-877f-459e-9f36-b575ce7de5ac	GET	/api/course-design/papers	http://localhost:5173
09-09-2025	10:32:56	faa8877f-47ff-4b72-9338-aff5613712c3	GET	/api/course-design/papers	http://localhost:5173
09-09-2025	10:32:56	d7159e7d-7f16-4a44-b850-5531c40552d0	GET	/api/course-design/regulation-types	http://localhost:5173
09-09-2025	10:32:56	335e6ce3-1211-46e2-a9a2-81fdf57e7f07	GET	/api/course-design/program-courses	http://localhost:5173
09-09-2025	10:32:56	04c933f3-e6e8-4dde-b340-0987a503b6e6	GET	/api/v1/academics/all	http://localhost:5173
09-09-2025	10:32:56	f146b974-e00a-4881-8c33-8d5dbf7f78a6	GET	/api/course-design/papers	http://localhost:5173
09-09-2025	10:32:55	eee91e24-32de-47be-b8c4-a505e26cf58b	GET	/api/course-design/papers	http://localhost:5173
09-09-2025	10:32:55	9d94add9-9325-4fc3-9246-536ea05f9cc2	GET	/api/course-design/papers	http://localhost:5173
09-09-2025	10:32:55	dc6a4b5c-010c-4b51-9cba-b03d03548c3c	GET	/api/course-design/papers	http://localhost:5173
09-09-2025	10:32:55	03752a90-0a76-4430-8c87-4fb88b9ddbaf	GET	/api/course-design/affiliations	http://localhost:5173
09-09-2025	10:32:55	5f61e1de-3ca0-401f-a5d6-500db8469ba5	GET	/api/course-design/program-courses	http://localhost:5173
09-09-2025	10:32:55	f8195e0a-49ab-4e54-bc22-8ce70e5a06ee	GET	/api/course-design/regulation-types	http://localhost:5173
09-09-2025	10:32:55	9e7d2cda-71da-48e4-bde9-4a8f69d6445b	GET	/api/course-design/affiliations	http://localhost:5173
09-09-2025	10:32:55	235c2750-2d73-44ed-9298-392c71e9f2b7	OPTIONS	/api/course-design/course-types	http://localhost:5173
09-09-2025	10:32:55	c7cc0d38-b9b0-464a-b23c-c51693955b8e	OPTIONS	/api/course-design/course-types	http://localhost:5173
09-09-2025	10:32:55	34d6b2d7-a17d-468f-94ac-155dd8d10299	GET	/api/classes	http://localhost:5173
09-09-2025	10:32:55	0cba2d27-feeb-442e-ba04-e19632fd0e20	GET	/api/course-design/exam-components	http://localhost:5173
09-09-2025	10:32:55	296b1b89-bf22-47de-aeaf-a6077a4eb8e9	GET	/api/course-design/affiliations	http://localhost:5173
09-09-2025	10:32:55	f3907bb7-2ee0-4699-b456-9dc76aaa84f0	GET	/api/course-design/regulation-types	http://localhost:5173
09-09-2025	10:32:55	19e05f6c-eca3-4c6e-96cf-99557f394232	GET	/api/course-design/subjects	http://localhost:5173
09-09-2025	10:32:55	c4429e71-e216-4f85-a4e3-6cf12c38a458	GET	/api/v1/academics/all	http://localhost:5173
09-09-2025	10:32:55	d87613ac-743b-4306-af3f-0e-0e6bef9279ab	GET	/api/course-design/subject-types	http://localhost:5173
73
73
73
73
73
3
73


3





3







3





