18-09-2025	14:32:04	7a9e4043-69cd-4c5b-8870-faab52801c70	GET	/api/v1/settings/file/4	undefined
18-09-2025	14:32:02	667b6c14-2777-4699-94d3-7bd6c1d4ce89	GET	/auth/refresh	http://localhost:5173
18-09-2025	14:32:02	1298d4ff-ba1d-4744-9484-1b66d912372a	GET	/auth/refresh	http://localhost:5173
18-09-2025	14:32:02	2fdd8a50-e9a1-469a-84b0-2ec38758a715	GET	/api/v1/settings	http://localhost:5173
18-09-2025	14:32:01	cc792b63-0630-46ab-9ad6-b1b7f5728b68	GET	/api/v1/settings	http://localhost:5173
18-09-2025	14:31:07	31cfa59d-9072-4585-a66b-845e9f41f804	GET	/api/v1/settings/file/4	undefined
18-09-2025	14:31:05	f3db4b13-7aab-4d9f-9206-4f5cb8fa3ed2	GET	/auth/refresh	http://localhost:5173
18-09-2025	14:31:05	b3018ccf-a08b-40f2-aa8e-9ed332c21799	GET	/auth/refresh	http://localhost:5173
18-09-2025	14:31:05	bac6593e-0da5-4124-bc00-34d0f58a4fc7	GET	/api/v1/settings	http://localhost:5173
18-09-2025	14:31:03	7c5b9414-1890-4897-9b41-0bc0a8d5357d	GET	/api/v1/settings	http://localhost:5173
18-09-2025	14:25:23	9d0f852d-e8ef-44b8-b200-0732b7358a80	GET	/api/v1/settings/file/4	undefined
18-09-2025	14:25:21	38a7134f-bc7c-4139-9594-43adf5a9663f	GET	/auth/refresh	http://localhost:5173
18-09-2025	14:25:21	cdb2dafd-0eba-452e-a340-a528d2bcb51c	GET	/auth/refresh	http://localhost:5173
18-09-2025	14:25:14	7fbde49b-6ede-4e18-b8d6-c93062a6ee6d	GET	/api/v1/settings/file/4	undefined
18-09-2025	14:25:12	b7ed9439-8617-4418-a453-0732ff39dd74	GET	/auth/refresh	http://localhost:5173
18-09-2025	14:25:12	1eeefc1e-03bf-4897-973c-ae79c684e4de	GET	/auth/refresh	http://localhost:5173
18-09-2025	14:25:12	c4e7d19f-d0c3-4b36-b392-b288450af17d	GET	/api/v1/settings	http://localhost:5173
18-09-2025	14:25:12	7ddd4ea8-7e8a-4159-b838-9730a4d56158	GET	/api/v1/settings	http://localhost:5173
18-09-2025	14:25:08	a6e709ef-e5a5-43f9-b4dd-d4e1ed60cda3	GET	/auth/refresh	http://localhost:5173
18-09-2025	13:44:14	aa8f3a46-6710-4a86-94ba-b507ad22336e	GET	/api/course-design/papers?page=1&pageSize=10	http://localhost:5173
18-09-2025	13:44:13	568fea14-d419-4b44-b2c7-0e3e807f33f5	GET	/api/course-design/papers?page=1&pageSize=10	http://localhost:5173
18-09-2025	13:44:13	3fcfc24b-4cb3-486c-9d38-f937bcd95f42	GET	/api/course-design/papers?page=1&pageSize=10	http://localhost:5173
18-09-2025	13:44:13	ffea168b-0736-4d4e-b6c8-df1ae098ad0b	GET	/api/course-design/papers?page=1&pageSize=10	http://localhost:5173
18-09-2025	13:44:13	87b44621-5cd4-4dae-a4a1-9ca73f232ed7	GET	/api/course-design/papers?page=1&pageSize=10	http://localhost:5173
18-09-2025	13:44:12	8a7bb69e-6306-4bb5-861f-78c2a89fbfef	GET	/api/v1/academics/all	http://localhost:5173
18-09-2025	13:44:12	0d6048c8-eb80-4b7c-aac5-eb3048ddf14f	GET	/api/course-design/courses	http://localhost:5173
