16-09-2025	16:02:17	efe27301-0261-4f3a-9f6b-797ac542a6ac	GET	/api/v1/settings/file/4	undefined
16-09-2025	16:02:16	6cba28ca-1a16-4480-ab6f-cd10ef0d021f	GET	/auth/refresh	http://localhost:5173
16-09-2025	16:02:15	86f97565-4426-4e8c-9c29-b8f75eed50f1	GET	/api/course-design/course-types	http://localhost:5173
16-09-2025	16:02:15	239d273b-7b63-4ac6-9878-2425bdddbdf3	GET	/auth/refresh	http://localhost:5173
16-09-2025	16:02:15	b21dcd11-9ca3-4de0-ab4c-740c1ea7e4b0	GET	/api/v1/settings	http://localhost:5173
16-09-2025	16:02:14	502d5a46-f67b-4671-b973-316e3d3d28b7	GET	/api/v1/settings	http://localhost:5173
16-09-2025	15:41:28	c5c1693c-1f68-49e4-b225-498fa9d4f16f	GET	/api/course-design/course-types	http://localhost:5173
16-09-2025	15:41:27	1584b899-5228-4636-af7d-04c40e6a324b	GET	/api/course-design/course-types	http://localhost:5173
16-09-2025	15:41:27	e9f44908-5c99-46f0-ac4f-8d16bafee5fb	OPTIONS	/api/course-design/course-types	http://localhost:5173
16-09-2025	15:35:53	06bb9731-5d29-4a87-8fa2-d98659e36b98	GET	/api/subject-selection/students/2/selections	http://localhost:3000
16-09-2025	15:35:33	344523e9-7abd-4388-877a-9b4e8c5b0737	GET	/api/subject-selection/students/2/selections	http://localhost:3000
16-09-2025	15:29:47	414dba22-fb8c-49bf-8171-f3d23351b615	GET	/api/users/6/profile	http://localhost:3000
16-09-2025	15:29:44	9511b835-e5a1-472b-8ba3-40e6821bb6b0	GET	/api/users/6/profile	http://localhost:3000
16-09-2025	15:29:44	f96b21d5-de06-466f-b19e-641e704dc5c1	OPTIONS	/api/users/6/profile	http://localhost:3000
16-09-2025	15:22:54	cbe74c81-b4a4-453e-af71-5dcc886cad67	GET	/api/course-design/papers?page=1&pageSize=10&subjectTypeId=26&programCourseId=10	http://localhost:5173
16-09-2025	15:22:54	e6ee9a61-224f-48a7-85f2-319333f5b902	OPTIONS	/api/course-design/papers?page=1&pageSize=10&subjectTypeId=26&programCourseId=10	http://localhost:5173
16-09-2025	15:21:36	4462a405-e102-4ff4-a075-f5f2f5cd8710	GET	/api/subject-selection/students/2/selections	http://localhost:3000
16-09-2025	15:21:34	a8e41985-89c8-4d28-b21b-8165d46daf9d	GET	/auth/refresh	http://localhost:3000
16-09-2025	15:21:27	64b66cea-2c60-403a-9a9a-e0fafc779039	GET	/api/course-design/papers?page=1&pageSize=10&subjectTypeId=26&programCourseId=10&classId=2	http://localhost:5173
16-09-2025	15:21:27	e567e481-42f2-4944-a7ce-d504ed92e65d	OPTIONS	/api/course-design/papers?page=1&pageSize=10&subjectTypeId=26&programCourseId=10&classId=2	http://localhost:5173
16-09-2025	15:21:26	e22db169-b07a-4f17-88df-ad54bf74c675	PUT	/api/course-design/papers/553/with-components	http://localhost:5173
16-09-2025	15:21:26	25bc99ab-1a42-4a4d-b73e-2934816a4e0a	OPTIONS	/api/course-design/papers/553/with-components	http://localhost:5173
16-09-2025	15:21:18	b9b374f1-ad1d-46d0-b173-b631f012a85e	GET	/api/course-design/papers/query?id=553	http://localhost:5173
16-09-2025	15:21:18	4ccb509e-0083-4b09-8c5b-65469bc9f7ff	OPTIONS	/api/course-design/papers/query?id=553	http://localhost:5173
16-09-2025	15:21:14	fd27330a-5019-4406-8af0-8f970faab060	GET	/api/course-design/papers/query?id=573	http://localhost:5173
16-09-2025	15:21:14	6e26c1f4-f458-488a-845e-8ea34bae420e	OPTIONS	/api/course-design/papers/query?id=573	http://localhost:5173
16-09-2025	15:20:52	6e79a8be-b058-49da-9bd5-ea341fcf1d5c	GET	/api/course-design/papers/query?id=573	http://localhost:5173
16-09-2025	15:20:52	887e894c-a3ad-4e0c-9ab1-d2d7764fcf5d	OPTIONS	/api/course-design/papers/query?id=573	http://localhost:5173
16-09-2025	15:20:42	45eb90c4-a5b8-4c27-b779-2eb42d9f593c	GET	/api/course-design/papers?page=1&pageSize=10&subjectTypeId=26&programCourseId=10&classId=2	http://localhost:5173
16-09-2025	15:20:40	a7acdb48-f9e0-4403-9819-2dca384ac8c9	GET	/api/course-design/papers?page=1&pageSize=10&subjectTypeId=26&programCourseId=10&classId=2	http://localhost:5173
16-09-2025	15:20:40	9a20b031-9014-476b-ac0a-dc77ac71054e	OPTIONS	/api/course-design/papers?page=1&pageSize=10&subjectTypeId=26&programCourseId=10&classId=2	http://localhost:5173
16-09-2025	15:20:15	cecb2f8c-4352-463c-9f68-f59c6561e350	GET	/api/course-design/papers?page=1&pageSize=10&subjectTypeId=26&programCourseId=10	http://localhost:5173
16-09-2025	15:20:12	7e64151f-b310-47b8-8361-1db75e066d81	GET	/api/course-design/papers?page=1&pageSize=10&subjectTypeId=26&programCourseId=10	http://localhost:5173
16-09-2025	15:20:12	46dd06f7-61b0-4643-8997-e1f96b92b7e2	OPTIONS	/api/course-design/papers?page=1&pageSize=10&subjectTypeId=26&programCourseId=10	http://localhost:5173
16-09-2025	15:20:06	cf210d73-8a70-42b8-a2f1-a02d269f4238	GET	/api/course-design/papers?page=1&pageSize=10&programCourseId=10	http://localhost:5173
16-09-2025	15:20:06	cc697299-4c7e-4506-ac42-990c72177b31	OPTIONS	/api/course-design/papers?page=1&pageSize=10&programCourseId=10	http://localhost:5173
16-09-2025	15:20:02	44aac9f9-2bbb-43cb-b24c-dd9848e05e45	GET	/api/course-design/papers?page=1&pageSize=10	http://localhost:5173
16-09-2025	15:20:01	0f8548ee-d074-46f1-acd6-e9a082d748ea	GET	/api/course-design/papers?page=1&pageSize=10	http://localhost:5173
16-09-2025	15:20:00	bb6b04fe-6536-466b-ae5c-3e834bb3a52b	GET	/api/course-design/papers?page=1&pageSize=10	http://localhost:5173
16-09-2025	15:19:59	671f4e94-5cd4-4944-87ac-2d0ed368f2d9	GET	/api/course-design/papers?page=1&pageSize=10	http://localhost:5173
16-09-2025	15:19:58	b9fc6845-70fb-475f-ac5f-5ee8f100cf9f	GET	/api/course-design/papers?page=1&pageSize=10	http://localhost:5173
16-09-2025	15:19:57	d4fd7323-2760-4f57-8fcd-43c770a27ca1	GET	/api/classes	http://localhost:5173
16-09-2025	15:19:57	a2891f0e-8140-4336-9843-eabecf4fc9ac	GET	/api/course-design/course-types	http://localhost:5173
16-09-2025	15:19:57	b84129f1-7926-4378-859f-1fe93045938d	GET	/api/v1/academics/all	http://localhost:5173
16-09-2025	15:19:57	1be339c1-8e68-4d40-829f-3fb4accc8cce	GET	/api/course-design/courses	http://localhost:5173
16-09-2025	15:19:57	feea6ee3-f3e9-4ff2-90b7-7711b75f65d4	GET	/api/course-design/exam-components	http://localhost:5173
16-09-2025	15:19:57	1fcd2ae2-110f-4ad7-9a80-de2fec5ec297	GET	/api/course-design/subjects	http://localhost:5173
16-09-2025	15:19:57	7290f317-95e7-44d9-8902-c64b8707d506	GET	/api/course-design/subject-types	http://localhost:5173
16-09-2025	15:19:57	3c514959-2329-49ac-90dc-7acca104e62e	GET	/api/course-design/regulation-types	http://localhost:5173
16-09-2025	15:19:57	28474cf1-5a05-4165-a2ba-73ba1a54b1ce	GET	/api/course-design/course-types	http://localhost:5173
16-09-2025	15:19:57	37c39d98-2051-4196-b8d4-cfc7849ff639	GET	/api/classes	http://localhost:5173
16-09-2025	15:19:57	dba0b5d1-3b8b-4b3d-9849-73cfa83e0a35	GET	/api/course-design/courses	http://localhost:5173
16-09-2025	15:19:57	cc496942-6dc6-4b2a-b9f9-43362e8e2e30	GET	/api/course-design/exam-components	http://localhost:5173
16-09-2025	15:19:57	f64a1c31-0163-4c9d-93f1-ef67506b88e3	GET	/api/course-design/regulation-types	http://localhost:5173
st:5173
st:5