19-09-2025	19:23:30	aaea7fcc-7bcb-4993-b363-95ba8540f981	GET	/api/subject-selection/restricted-grouping-mains?page=1&pageSize=200&programCourseId=19	http://localhost:3000
19-09-2025	19:23:29	bcc63050-2538-4127-a525-550340f718e9	GET	/api/subject-selection/restricted-grouping-mains?page=1&pageSize=200&programCourseId=19	http://localhost:3000
19-09-2025	19:23:29	50d40669-296e-409e-bea2-6c11eeddd269	OPTIONS	/api/subject-selection/restricted-grouping-mains?page=1&pageSize=200&programCourseId=19	http://localhost:3000
19-09-2025	19:23:29	c60d97ad-6025-42ce-a960-eee71626464b	GET	/api/subject-selection/students/30/selections	http://localhost:3000
19-09-2025	19:23:28	37695e0c-6696-45a5-804b-f007dbdfbb82	GET	/api/subject-selection/students/30/selections	http://localhost:3000
19-09-2025	19:10:00	531567ab-d42d-4976-9533-d56d1b5ef6c4	GET	/api/subject-selection/related-subject-mains	http://localhost:5173
19-09-2025	19:10:00	33ce4e3f-0051-4e3b-8331-a8eb5630392a	OPTIONS	/api/subject-selection/related-subject-mains	http://localhost:5173
19-09-2025	19:10:00	d4da5364-c390-47fc-bdcf-983ea6af0b2c	GET	/api/admissions/board-subject-names/active	http://localhost:5173
19-09-2025	19:10:00	46b5c1ec-2bd8-405e-a174-728659f4f02b	OPTIONS	/api/admissions/board-subject-names/active	http://localhost:5173
19-09-2025	19:10:00	00ed5aef-663d-47a0-b6cc-7aff3ac132a4	GET	/api/course-design/subject-types	http://localhost:5173
19-09-2025	19:10:00	a2883b0b-23f8-427b-8981-870c6968f140	OPTIONS	/api/course-design/subject-types	http://localhost:5173
19-09-2025	19:10:00	b6013083-b70a-4a8b-aafe-9adedad87007	GET	/api/course-design/program-courses	http://localhost:5173
19-09-2025	19:10:00	b0613286-98e3-4682-8de4-d7cee0eff26f	GET	/api/course-design/program-courses	http://localhost:5173
19-09-2025	19:10:00	ae101f40-1eb3-4eef-86e3-2005c2381ee7	OPTIONS	/api/course-design/program-courses	http://localhost:5173
19-09-2025	19:08:37	9821290f-567b-4fea-b32c-f88816d87096	GET	/api/v1/settings/file/4	undefined
19-09-2025	19:08:35	4b0eeb8a-4510-45f4-852b-faaf43e7ef2e	GET	/api/subject-selection/restricted-grouping-mains?page=1&pageSize=10&search=&subjectType=	http://localhost:5173
19-09-2025	19:08:35	598f132c-e6f4-4f51-b9c1-2d77d90c2549	GET	/api/subject-selection/restricted-grouping-mains?page=1&pageSize=10&search=&subjectType=	http://localhost:5173
19-09-2025	19:08:35	718ee7e8-50bd-44d4-b62b-10f7287ab4da	GET	/api/course-design/program-courses	http://localhost:5173
19-09-2025	19:08:35	b6db705d-ecc5-4620-b20a-5d89a1b819a0	GET	/api/classes	http://localhost:5173
19-09-2025	19:08:35	57102ad7-c947-4e45-b6f5-8c24afcf3a42	OPTIONS	/api/classes	http://localhost:5173
19-09-2025	19:08:35	1f26def4-972a-4980-a608-1722f340248f	GET	/api/subject-selection/restricted-grouping-mains?page=1&pageSize=10&search=&subjectType=	http://localhost:5173
19-09-2025	19:08:35	371214d2-fadb-4373-b488-0901fe0ac875	GET	/api/course-design/subject-types	http://localhost:5173
488-0901fe0ac875	GET	/api/course-design/subject-types	http://localhost:5173
tp://localhost: