22-09-2025	23:59:36	ce12eeb9-0776-48f3-ad01-71e0fcaa9ae4	Error: Failed query: update "admission_academic_info" set "board_result_status" = $1, "year_of_passing" = $2, "is_registered_for_ug_in_cu" = $3, "updated_at" = $4 where "admission_academic_info"."id" = $5 returning "id", "application_form_id_fk", "board_university_id_fk", "board_result_status", "roll_number", "school_number", "center_number", "admit_card_id", "institute_id_fk", "other_institute", "language_medium_id_fk", "year_of_passing", "stream_type", "is_registered_for_ug_in_cu", "cu_registration_number", "previously_registered_course_id_fk", "other_previously_registered_course", "previous_college_id_fk", "other_college", "created_at", "updated_at"
params: FAIL,2025,false,2025-09-22T18:29:36.963Z,32	PUT	/api/admissions/academic-info/32	http://localhost:5173
22-09-2025	23:48:39	a356af22-c260-4258-944d-51f7caee42f9	Error: Failed query: update "admission_academic_info" set "board_result_status" = $1, "year_of_passing" = $2, "is_registered_for_ug_in_cu" = $3, "updated_at" = $4 where "admission_academic_info"."id" = $5 returning "id", "application_form_id_fk", "board_university_id_fk", "board_result_status", "roll_number", "school_number", "center_number", "admit_card_id", "institute_id_fk", "other_institute", "language_medium_id_fk", "year_of_passing", "stream_type", "is_registered_for_ug_in_cu", "cu_registration_number", "previously_registered_course_id_fk", "other_previously_registered_course", "previous_college_id_fk", "other_college", "created_at", "updated_at"
params: FAIL,2025,false,2025-09-22T18:18:39.267Z,32	PUT	/api/admissions/academic-info/32	http://localhost:5173
22-09-2025	23:48:33	b7a21e04-7808-4384-b476-03727a76e19e	ApiError: Unauthorized	GET	/api/v1/academics/all	http://localhost:5173
22-09-2025	23:48:27	c22c7482-c588-4255-bde5-8a5071f1edba	TokenExpiredError: jwt expired	PUT	/api/admissions/academic-info/32	http://localhost:5173
22-09-2025	23:48:27	9ae0f855-435f-4b01-8f37-a2af949f9733	TokenExpiredError: jwt expired	PUT	/api/admissions/academic-info/32	http://localhost:5173
22-09-2025	23:44:20	88bd5a13-a612-40cf-9caf-8b3bca7c552f	Error: Failed query: update "admission_academic_info" set "board_result_status" = $1, "year_of_passing" = $2, "is_registered_for_ug_in_cu" = $3, "updated_at" = $4 where "admission_academic_info"."id" = $5 returning "id", "application_form_id_fk", "board_university_id_fk", "board_result_status", "roll_number", "school_number", "center_number", "admit_card_id", "institute_id_fk", "other_institute", "language_medium_id_fk", "year_of_passing", "stream_type", "is_registered_for_ug_in_cu", "cu_registration_number", "previously_registered_course_id_fk", "other_previously_registered_course", "previous_college_id_fk", "other_college", "created_at", "updated_at"
params: FAIL,2025,false,2025-09-22T18:14:20.202Z,32	PUT	/api/admissions/academic-info/32	http://localhost:5173
22-09-2025	23:42:45	b83951b5-6ebe-4738-ba28-e753b42d232e	Error: Failed query: update "admission_academic_info" set "board_result_status" = $1, "year_of_passing" = $2, "is_registered_for_ug_in_cu" = $3, "updated_at" = $4 where "admission_academic_info"."id" = $5 returning "id", "application_form_id_fk", "board_university_id_fk", "board_result_status", "roll_number", "school_number", "center_number", "admit_card_id", "institute_id_fk", "other_institute", "language_medium_id_fk", "year_of_passing", "stream_type", "is_registered_for_ug_in_cu", "cu_registration_number", "previously_registered_course_id_fk", "other_previously_registered_course", "previous_college_id_fk", "other_college", "created_at", "updated_at"
params: FAIL,2025,false,2025-09-22T18:12:45.950Z,32	PUT	/api/admissions/academic-info/32	http://localhost:5173
22-09-2025	23:37:46	e3e4082b-96ee-4888-90e8-ad7be7414fc9	Error: Failed query: update "admission_academic_info" set "board_result_status" = $1, "year_of_passing" = $2, "is_registered_for_ug_in_cu" = $3, "updated_at" = $4 where "admission_academic_info"."id" = $5 returning "id", "application_form_id_fk", "board_university_id_fk", "board_result_status", "roll_number", "school_number", "center_number", "admit_card_id", "institute_id_fk", "other_institute", "language_medium_id_fk", "year_of_passing", "stream_type", "is_registered_for_ug_in_cu", "cu_registration_number", "previously_registered_course_id_fk", "other_previously_registered_course", "previous_college_id_fk", "other_college", "created_at", "updated_at"
params: FAIL,2025,false,2025-09-22T18:07:46.543Z,32	PUT	/api/admissions/academic-info/32	http://localhost:5173
22-09-2025	23:36:12	afaa5590-9f5b-4753-8300-d07aee8620fa	Error: Failed query: update "admission_academic_info" set "application_form_id_fk" = $1, "board_university_id_fk" = $2, "board_result_status" = $3, "year_of_passing" = $4, "is_registered_for_ug_in_cu" = $5, "updated_at" = $6 where "admission_academic_info"."id" = $7 returning "id", "application_form_id_fk", "board_university_id_fk", "board_result_status", "roll_number", "school_number", "center_number", "admit_card_id", "institute_id_fk", "other_institute", "language_medium_id_fk", "year_of_passing", "stream_type", "is_registered_for_ug_in_cu", "cu_registration_number", "previously_registered_course_id_fk", "other_previously_registered_course", "previous_college_id_fk", "other_college", "created_at", "updated_at"
params: 32,6,FAIL,2025,false,2025-09-22T18:06:12.297Z,32	PUT	/api/admissions/academic-info/32	http://localhost:5173
22-09-2025	23:34:48	fe88e50c-c4e9-482a-907e-d7be6eff7242	Error: Failed query: update "admission_academic_info" set "application_form_id_fk" = $1, "board_university_id_fk" = $2, "board_result_status" = $3, "year_of_passing" = $4, "is_registered_for_ug_in_cu" = $5, "updated_at" = $6 where "admission_academic_info"."id" = $7 returning "id", "application_form_id_fk", "board_university_id_fk", "board_result_status", "roll_number", "school_number", "center_number", "admit_card_id", "institute_id_fk", "other_institute", "language_medium_id_fk", "year_of_passing", "stream_type", "is_registered_for_ug_in_cu", "cu_registration_number", "previously_registered_course_id_fk", "other_previously_registered_course", "previous_college_id_fk", "other_college", "created_at", "updated_at"
params: 32,6,FAIL,2025,false,2025-09-22T18:04:48.307Z,32	PUT	/api/admissions/academic-info/32	http://localhost:5173
22-09-2025	23:33:23	1309b2d5-8c28-4fc3-b87e-7465dafc5139	Error: Failed query: update "admission_academic_info" set "application_form_id_fk" = $1, "board_university_id_fk" = $2, "board_result_status" = $3, "language_medium_id_fk" = $4, "year_of_passing" = $5, "is_registered_for_ug_in_cu" = $6, "updated_at" = $7 where "admission_academic_info"."id" = $8 returning "id", "application_form_id_fk", "board_university_id_fk", "board_result_status", "roll_number", "school_number", "center_number", "admit_card_id", "institute_id_fk", "other_institute", "language_medium_id_fk", "year_of_passing", "stream_type", "is_registered_for_ug_in_cu", "cu_registration_number", "previously_registered_course_id_fk", "other_previously_registered_course", "previous_college_id_fk", "other_college", "created_at", "updated_at"
params: 32,6,FAIL,0,2025,false,2025-09-22T18:03:23.093Z,32	PUT	/api/admissions/academic-info/32	http://localhost:5173
22-09-2025	23:28:36	85fe898a-9c8f-49e3-ac09-0bb13961e2eb	Error: Failed query: select "id", "application_form_id_fk", "board_university_id_fk", "board_result_status", "roll_number", "school_number", "center_number", "admit_card_id", "institute_id_fk", "other_institute", "language_medium_id_fk", "year_of_passing", "stream_type", "is_registered_for_ug_in_cu", "cu_registration_number", "previously_registered_course_id_fk", "other_previously_registered_course", "previous_college_id_fk", "other_college", "created_at", "updated_at" from "admission_academic_info" where "admission_academic_info"."id" = $1
params: 32	PUT	/api/admissions/academic-info/32	http://localhost:5173
22-09-2025	22:45:13	e546f50c-dea2-4de4-bfab-adf2578eab5a	ApiError: Unauthorized	GET	/api/v1/academics/all	http://localhost:5173
22-09-2025	22:03:53	b9af74f9-5141-4ed3-902f-8325e5840e5a	ApiError: Unauthorized	GET	/api/v1/academics/all	http://localhost:5173
22-09-2025	17:57:32	1001af66-b18e-4446-b29f-ab71374ca6a9	ApiError: Unauthorized	GET	/api/v1/academics/all	http://localhost:5173
22-09-2025	17:56:02	363cfddd-a33b-4378-be16-02ed6210ccfd	ApiError: Unauthorized	GET	/api/v1/academics/all	http://localhost:5173
22-09-2025	17:53:04	098e6678-970d-4a96-a69e-0e6568fb9361	ApiError: Unauthorized	GET	/api/v1/academics/all	http://localhost:5173
22-09-2025	17:41:37	b8b5bb8a-3dbc-4b26-a120-599aa684839c	ApiError: Unauthorized	GET	/api/v1/academics/all	http://localhost:5173
22-09-2025	17:06:49	a23733ea-d7b6-41ca-9354-c7f6278eb1b5	ApiError: Unauthorized	GET	/api/v1/academics/all	http://localhost:5173
22-09-2025	16:32:28	12001196-1ddf-42c1-98f9-0bfae3924c38	ApiError: Unauthorized	GET	/api/v1/academics/all	http://localhost:5173
22-09-2025	15:38:00	c36e545c-950c-4ab2-b5eb-fcf7630e3bf9	ApiError: Unauthorized	GET	/api/v1/academics/all	http://localhost:5173
22-09-2025	15:32:45	e320225d-4bf5-43cd-9b6e-f36a5074fdd9	Error: Failed query: select "id", "legacy_city_id", "state_id", "name", "document_required", "code", "sequence", "undefined", "created_at", "updated_at" from "cities" where "cities"."id" = $1
params: 1	GET	/api/users/48/profile	http://localhost:5173
22-09-2025	15:32:44	093cf3ca-1b6f-489e-86f9-142dc3989eaa	ApiError: Unauthorized	GET	/api/v1/academics/all	http://localhost:5173
22-09-2025	15:29:57	715b6e6e-8e36-4d3e-950d-cca16df861d3	Error: Not allowed by CORS.	OPTIONS	/api/address	https://besc.academic360.app
22-09-2025	15:29:57	f954eb10-11e5-4d6f-8b61-d2bcffb2da03	Error: Not allowed by CORS.	OPTIONS	/api/address	https://besc.academic360.app
22-09-2025	15:29:56	05912c68-9da4-48b0-ab5f-bde8abe54aba	Error: Not allowed by CORS.	OPTIONS	/api/address	https://besc.academic360.app
22-09-2025	15:29:55	f4b17a14-d386-436c-ae1f-3dd71d63826f	Error: Not allowed by CORS.	OPTIONS	/api/address	https://besc.academic360.app
22-09-2025	15:29:48	8dc2047d-adc4-4ec3-911d-f1465ea1cd5a	Error: Not allowed by CORS.	OPTIONS	/api/address	https://besc.academic360.app
22-09-2025	15:29:41	839d7127-382c-41db-b643-b331c6c0090f	Error: Not allowed by CORS.	OPTIONS	/api/address	https://besc.academic360.app
22-09-2025	15:29:08	c6611bc8-0ac0-49e3-9111-b2fd460f5958	Error: Failed query: select "id", "legacy_country_id", "name", "sequence", "disabled", "created_at", "updated_at" from "countries" order by "countries"."sequence"
params: 	GET	/api/countries	http://localhost:5173
22-09-2025	15:29:04	1b0c7e94-a5cb-4a6c-bb1e-12ea2a6bffa7	Error: Failed query: select "id", "legacy_state_id", "country_id", "name", "sequence", "disabled", "created_at", "updated_at" from "states" order by "states"."sequence"
params: 	GET	/api/states	http://localhost:5173
22-09-2025	15:29:04	16a26e4c-8dd0-4b4c-8578-d843e251d22c	Error: Failed query: select "id", "legacy_country_id", "name", "sequence", "disabled", "created_at", "updated_at" from "countries" order by "countries"."sequence"
params: 	GET	/api/countries	http://localhost:5173
22-09-2025	15:29:04	a00f0d1f-b9b7-4009-a9ec-685d5895755b	Error: Failed query: select "id", "legacy_city_id", "state_id", "name", "document_required", "code", "sequence", "disabled", "created_at", "updated_at" from "cities" order by "cities"."sequence"
params: 	GET	/api/cities	http://localhost:5173
22-09-2025	15:29:04	cdd05f00-93a1-48d5-a573-644b6403bd80	Error: Failed query: select "id", "legacy_state_id", "country_id", "name", "sequence", "disabled", "created_at", "updated_at" from "states" order by "states"."sequence"
params: 	GET	/api/states	http://localhost:5173
22-09-2025	15:29:04	8660fc60-5139-42eb-aa62-3d1e40156ef0	Error: Failed query: select "id", "legacy_country_id", "name", "sequence", "disabled", "created_at", "updated_at" from "countries" order by "countries"."sequence"
params: 	GET	/api/countries	http://localhost:5173
22-09-2025	15:24:01	8c9d20b1-b41c-4d2f-a914-9fa1b45952b4	Error: Failed query: select "id", "legacy_language_medium_id", "name", "sequence", "disabled", "created_at", "updated_at" from "language_medium" order by "language_medium"."sequence"
params: 	GET	/api/languages	http://localhost:5173
22-09-2025	15:24:01	a6693f51-3cce-4fa9-9adf-51871ee970dd	Error: Failed query: select "id", "legacy_country_id", "name", "sequence", "disabled", "created_at", "updated_at" from "countries" order by "countries"."sequence"
params: 	GET	/api/countries	http://localhost:5173
22-09-2025	15:22:44	a8815deb-33cd-48fd-b427-adf4b9660b67	Error: Failed query: select "id", "legacy_country_id", "name", "sequence", "undefined", "created_at", "updated_at" from "countries" where "countries"."id" = $1
params: 1	GET	/api/students/uid/1504250018	http://localhost:5173
22-09-2025	15:22:44	fa254eee-becd-4f0a-856a-cc13928c33b2	ApiError: Unauthorized	GET	/api/v1/academics/all	http://localhost:5173
22-09-2025	15:21:23	7755d8ce-a631-4027-ad80-45661f26ab73	Error: Failed query: select "id", "legacy_country_id", "name", "sequence", "undefined", "created_at", "updated_at" from "countries" where "countries"."id" = $1
params: 1	GET	/api/students/uid/1504250018	http://localhost:5173
22-09-2025	15:21:23	a18dacab-e73d-4767-8960-2a3f54e5e8d2	ApiError: Unauthorized	GET	/api/v1/academics/all	http://localhost:5173
22-09-2025	15:21:02	eb8b249d-ecd9-4c2e-9702-e145f25e3225	Error: Failed query: select "id", "legacy_state_id", "country_id", "name", "sequence", "disabled", "created_at", "updated_at" from "states" order by "states"."sequence"
params: 	GET	/api/states?countryId=1	http://localhost:5173
22-09-2025	15:21:02	6bc8985d-8cd6-4ced-9b94-78cfe2acab16	Error: Failed query: select "id", "legacy_state_id", "country_id", "name", "sequence", "disabled", "created_at", "updated_at" from "states" order by "states"."sequence"
params: 	GET	/api/states?countryId=1	http://localhost:5173
22-09-2025	15:21:02	2ade475f-cbaf-49b1-b24f-f1bbfe3b37d2	Error: Failed query: select "id", "legacy_city_id", "state_id", "name", "document_required", "code", "sequence", "disabled", "created_at", "updated_at" from "cities" order by "cities"."sequence"
params: 	GET	/api/cities?stateId=1	http://localhost:5173
22-09-2025	15:21:02	330bdceb-7ac2-44bb-ad93-2bc89f5311f9	Error: Failed query: select "id", "legacy_city_id", "state_id", "name", "document_required", "code", "sequence", "disabled", "created_at", "updated_at" from "cities" order by "cities"."sequence"
params: 	GET	/api/cities?stateId=1	http://localhost:5173
22-09-2025	15:21:02	a0bc899d-1784-4944-8155-4b0bf7de6b3c	Error: Failed query: select "id", "legacy_language_medium_id", "name", "sequence", "disabled", "created_at", "updated_at" from "language_medium" order by "language_medium"."sequence"
params: 	GET	/api/languages	http://localhost:5173
22-09-2025	15:20:38	71e65ed6-250f-45fa-bbfd-c27f2c2272cb	Error: Failed query: select "id", "legacy_state_id", "country_id", "name", "sequence", "disabled", "created_at", "updated_at" from "states" order by "states"."sequence"
params: 	GET	/api/states?countryId=1	http://localhost:5173
22-09-2025	15:20:38	d637ad7f-80ef-4dd5-a819-382fead01390	Error: Failed query: select "id", "legacy_state_id", "country_id", "name", "sequence", "disabled", "created_at", "updated_at" from "states" order by "states"."sequence"
params: 	GET	/api/states?countryId=1	http://localhost:5173
22-09-2025	15:20:38	44970fff-7f41-4e63-8e06-5232d1ed9b0b	Error: Failed query: select "id", "legacy_city_id", "state_id", "name", "document_required", "code", "sequence", "disabled", "created_at", "updated_at" from "cities" order by "cities"."sequence"
params: 	GET	/api/cities?stateId=1	http://localhost:5173
22-09-2025	15:20:38	25052b38-5b9d-4392-8e7a-08cb7aa1de81	Error: Failed query: select "id", "legacy_language_medium_id", "name", "sequence", "disabled", "created_at", "updated_at" from "language_medium" order by "language_medium"."sequence"
params: 	GET	/api/languages	http://localhost:5173
22-09-2025	15:20:38	7e2e263a-d75d-416d-83c9-e98667b7d031	Error: Failed query: select "id", "legacy_country_id", "name", "sequence", "disabled", "created_at", "updated_at" from "countries" order by "countries"."sequence"
params: 	GET	/api/countries	http://localhost:5173
22-09-2025	15:09:08	85b383f2-f62b-4a22-a321-3081de480294	Error: Failed query: select "id", "legacy_city_id", "state_id", "name", "document_required", "code", "sequence", "undefined", "created_at", "updated_at" from "cities" order by "cities"."sequence"
params: 	GET	/api/cities?stateId=1	http://localhost:5173
22-09-2025	15:09:08	3c1d12a0-2c6b-49ba-b031-bfb2e8b6fbdf	Error: Failed query: select "id", "legacy_state_id", "country_id", "name", "sequence", "undefined", "created_at", "updated_at" from "states" order by "states"."sequence"
params: 	GET	/api/states?countryId=1	http://localhost:5173
22-09-2025	15:09:08	3eb95b66-55c6-4654-a808-dc621287940e	Error: Failed query: select "id", "legacy_city_id", "state_id", "name", "document_required", "code", "sequence", "undefined", "created_at", "updated_at" from "cities" order by "cities"."sequence"
params: 	GET	/api/cities?stateId=1	http://localhost:5173
22-09-2025	15:09:08	b70be757-0e8b-4878-a17f-4e073731499c	Error: Failed query: select "id", "legacy_state_id", "country_id", "name", "sequence", "undefined", "created_at", "updated_at" from "states" order by "states"."sequence"
params: 	GET	/api/states?countryId=1	http://localhost:5173
22-09-2025	15:09:07	13628e09-2cca-4047-a942-88542e985f99	Error: Failed query: select "id", "legacy_country_id", "name", "sequence", "undefined", "created_at", "updated_at" from "countries" order by "countries"."sequence"
params: 	GET	/api/countries	http://localhost:5173
22-09-2025	15:09:07	71bb448d-5d09-4b9d-bd87-41d88887b8be	Error: Failed query: select "id", "legacy_language_medium_id", "name", "sequence", "disabled", "created_at", "updated_at" from "language_medium" order by "language_medium"."sequence"
params: 	GET	/api/languages	http://localhost:5173
22-09-2025	15:08:16	2a593307-dca0-4787-8620-421394bc2939	Error: Failed query: select "id", "legacy_state_id", "country_id", "name", "sequence", "undefined", "created_at", "updated_at" from "states" order by "states"."sequence"
params: 	GET	/api/states?countryId=1	http://localhost:5173
22-09-2025	15:08:16	083a28b2-324d-462c-8503-81d648622a9a	Error: Failed query: select "id", "legacy_city_id", "state_id", "name", "document_required", "code", "sequence", "undefined", "created_at", "updated_at" from "cities" order by "cities"."sequence"
params: 	GET	/api/cities?stateId=1	http://localhost:5173
cities?stateId=1	http://localhost:5173
