04-09-2025	18:13:30	b1e75e1a-eb1e-4e42-85b1-c355dd38808e	Error: Unknown column 'transferred' in 'where clause'	GET	/api/students/old-data	undefined
04-09-2025	18:12:30	7a910d1e-2d6f-4ccc-9e0e-45f155b0b0f6	Error: Unknown column 'shiftid' in 'where clause'	GET	/api/students/old-data	undefined
04-09-2025	17:45:09	05d54c36-7b5a-47db-840f-f42409126613	Error: Failed query: select "id" from "cities" where ("cities"."state_id" = $1 and "cities"."name" ilike $2)
params: 1,KOLKATA	GET	/api/students/old-data	undefined
04-09-2025	17:38:49	11014d85-e788-43cb-b70e-bbc140fb7b08	Error: Failed query: select "id" from "cities" where ("cities"."state_id" = $1 and "cities"."name" ilike $2)
params: 1,%Kolkata%	GET	/api/students/old-data	undefined
04-09-2025	17:35:25	7b2db565-860a-46cc-bc1c-1da1bf701077	Error: Failed query: select "id" from "cities" where ("cities"."state_id" = $1 and "cities"."name" ilike $2)
params: 1,Kolkata	GET	/api/students/old-data	undefined
04-09-2025	17:32:45	c7b02140-8fb1-4339-ac2d-ace1f8e19015	Error: Failed query: select "id" from "cities" where ("cities"."state_id" = $1 and "cities"."name" ilike $2)
params: 1,Kolkata	GET	/api/students/old-data	undefined
04-09-2025	17:25:46	3953572d-b253-4c6b-902a-48996d83e49d	Error: Table 'BGESIRP.citysubtab' doesn't exist	GET	/api/students/old-data	undefined
04-09-2025	17:23:03	0ba83d27-f6d0-4ec8-bb13-924eff5e06f1	Error: Failed query: select "id", "legacy_city_id", "state_id", "name", "document_required", "code", "sequence", "disabled", "created_at", "updated_at" from "cities" where ("cities"."state_id" = $1 and "cities"."name" = $2)
params: 1,Kolkata	GET	/api/students/old-data	undefined
04-09-2025	17:18:53	24c32094-571f-48d6-8e3c-2305dd519db6	Error: Failed query: select "id", "legacy_city_id", "state_id", "name", "document_required", "code", "sequence", "disabled", "created_at", "updated_at" from "cities" where ("cities"."state_id" = $1 and "cities"."name" ilike $2)
params: 1,Kolkata	GET	/api/students/old-data	undefined
04-09-2025	17:16:03	7ffc8307-a041-4874-a64e-833f1177d406	Error: Failed query: select "id", "legacy_city_id", "state_id", "name", "document_required", "code", "sequence", "disabled", "created_at", "updated_at" from "cities" where ("cities"."state_id" = $1 and "cities"."name" ilike $2)
params: 1,Kolkata	GET	/api/students/old-data	undefined
04-09-2025	17:04:09	8d214081-532b-4a32-b464-5b495a34eddb	Error: Failed query: select "id", "legacy_city_id", "state_id", "name", "document_required", "code", "sequence", "disabled", "created_at", "updated_at" from "cities" where ("cities"."state_id" = $1 and "cities"."name" = $2)
params: 1,Kolkata	GET	/api/students/old-data	undefined
04-09-2025	16:55:58	92fc4551-4013-41aa-935d-aff7b707a418	TypeError: Cannot read properties of undefined (reading 'Symbol(drizzle:Columns)')	GET	/api/students/old-data	undefined
04-09-2025	16:46:31	b4feaf63-6828-43ca-a272-82e7f4b31a2e	Error: Failed query: select "id", "legacy_city_id", "state_id", "name", "document_required", "code", "sequence", "disabled", "created_at", "updated_at" from "cities" where ("cities"."state_id" = $1 and "cities"."name" ilike $2)
params: 1,Kolkata	GET	/api/students/old-data	undefined
04-09-2025	16:44:43	83b35828-2d09-4c98-bffd-f2e69f0e1a3f	Error: Table 'BGESIRP.citysubtab' doesn't exist	GET	/api/students/old-data	undefined
04-09-2025	15:54:31	95cbb169-f068-49cc-a156-2cea4ac961ed	Error: Shift not found for old staff 1, i n addStaff()	GET	/api/students/old-data	undefined
04-09-2025	15:49:37	871b2690-6c3e-4019-83cc-350005a9964e	Error: Table 'BGESIRP.staffpesonaldetails' doesn't exist	GET	/api/students/old-data	undefined
04-09-2025	15:47:02	73c94acb-2eef-4a19-a607-359df0ece24b	Error: Table 'BGESIRP.staffpesonaldetails' doesn't exist	GET	/api/students/old-data	undefined
04-09-2025	15:44:19	a14f222c-52cf-4ba3-8d14-4d93ee02773b	Error: Failed query: select "id", "user_id_fk", "attendance_code", "uid", "code_number", "rfid", "shift_id_fk", "gratuity_number", "personal_details_id_fk", "family_details_id_fk", "student_category_id_fk", "health_id_fk", "emergency_contact_id_fk", "computer_operation_known", "last_school_attended_id_fk", "medium1_id_fk", "medium2_id_fk", "last_college_attended_id_fk", "board_id_fk", "childrens", "major_child_name", "major_child_phone", "nominee_id_fk", "previous_employee_name", "previous_employee_phone", "previous_employee_address_id_fk", "bank_account_number", "bank_branch_id_fk", "banl_ifsc_code", "bank_account_type", "provident_fund_account_number", "pan_number", "esi_number", "imp_number", "clinic_address", "has_pf_nomination", "gratuity_nomination_date", "univ_account_number", "date_of_confirmation", "date_of_probation", "created_at", "updated_at" from "staffs" where "staffs"."user_id_fk" = $1
params: 2	GET	/api/students/old-data	undefined
04-09-2025	15:40:49	89b758b0-24f8-4d06-816c-656757beba3e	Error: Failed query: select "id", "user_id_fk", "attendance_code", "uid", "code_number", "rfid", "shift_id_fk", "gratuity_number", "personal_details_id_fk", "family_details_id_fk", "student_category_id_fk", "health_id_fk", "emergency_contact_id_fk", "computer_operation_known", "last_school_attended_id_fk", "medium1_id_fk", "medium2_id_fk", "last_college_attended_id_fk", "board_id_fk", "childrens", "major_child_name", "major_child_phone", "nominee_id_fk", "previous_employee_name", "previous_employee_phone", "previous_employee_address_id_fk", "bank_account_number", "bank_branch_id_fk", "banl_ifsc_code", "bank_account_type", "provident_fund_account_number", "pan_number", "esi_number", "imp_number", "clinic_address", "has_pf_nomination", "gratuity_nomination_date", "univ_account_number", "date_of_confirmation", "date_of_probation", "created_at", "updated_at" from "staffs" where "staffs"."user_id_fk" = $1
params: 1	GET	/api/students/old-data	undefined
